<?xml version="1.0" encoding="UTF-8"?>
<!-- Generated by org.testng.reporters.JUnitReportReporter -->
<testsuite hostname="LAPTOP-KOMAL" failures="0" tests="1" name="bsTest.TestClassbs" time="2.908" errors="0" timestamp="2023-01-06T22:32:16 ICT" skipped="0">
  <testcase classname="bsTest.TestClassbs" name="f" time="2.908"/>
  <system-out>
    <![CDATA[testing]]>
  </system-out>
</testsuite> <!-- bsTest.TestClassbs -->
